<?xml version="1.0" encoding="UTF-8"?>
<!-- Generated by org.testng.reporters.JUnitXMLReporter -->
<testsuite ignored="0" hostname="DESKTOP-SP7DDNA" failures="0" tests="4" name="ErrorValidationTest" time="74.369" errors="0" timestamp="2025-03-03T20:16:05 IST">
  <testcase classname="keerthanaAutomation.ErrorValidationTest" name="errorValidation" time="1.287"/>
  <testcase classname="keerthanaAutomation.ErrorValidationTest" name="productErrorValidation" time="14.374"/>
  <testcase classname="keerthanaAutomation.ErrorValidationTest" name="productErrorValidation" time="24.721">
    <skipped/>
  </testcase> <!-- productErrorValidation -->
  <testcase classname="keerthanaAutomation.ErrorValidationTest" name="productErrorValidation" time="15.666"/>
</testsuite> <!-- ErrorValidationTest -->
