<?xml version="1.0" encoding="UTF-8"?>
<testng-results ignored="0" total="1" passed="1" failed="0" skipped="0">
  <reporter-output>
  </reporter-output>
  <suite started-at="2025-03-08T15:10:11 IST" name="Surefire suite" finished-at="2025-03-08T15:10:35 IST" duration-ms="23855">
    <groups>
      <group name="cucumber">
        <method signature="AbstractTestNGCucumberTests.runScenario(io.cucumber.testng.PickleWrapper,io.cucumber.testng.FeatureWrapper)[pri:0, instance:cucumber.TestNGRunner@27ce24aa]" name="runScenario" class="io.cucumber.testng.AbstractTestNGCucumberTests"/>
      </group> <!-- cucumber -->
    </groups>
    <test started-at="2025-03-08T15:10:11 IST" name="Surefire test" finished-at="2025-03-08T15:10:35 IST" duration-ms="23855">
      <class name="cucumber.TestNGRunner">
        <test-method is-config="true" signature="setUpClass(org.testng.ITestContext)[pri:0, instance:cucumber.TestNGRunner@27ce24aa]" started-at="2025-03-08T15:10:11 IST" name="setUpClass" finished-at="2025-03-08T15:10:12 IST" duration-ms="1205" status="PASS">
          <params>
            <param index="0">
              <value>
                <![CDATA[org.testng.TestRunner@3ffb3598]]>
              </value>
            </param>
          </params>
          <reporter-output>
          </reporter-output>
        </test-method> <!-- setUpClass -->
        <test-method signature="runScenario(io.cucumber.testng.PickleWrapper,io.cucumber.testng.FeatureWrapper)[pri:0, instance:cucumber.TestNGRunner@27ce24aa]" started-at="2025-03-08T15:10:12 IST" name="runScenario" description="Runs Cucumber Scenarios" data-provider="scenarios" finished-at="2025-03-08T15:10:35 IST" duration-ms="22456" status="PASS">
          <params>
            <param index="0">
              <value>
                <![CDATA["Postive Test for placing order"]]>
              </value>
            </param>
            <param index="1">
              <value>
                <![CDATA["Placing purchase order from Ecommerce website"]]>
              </value>
            </param>
          </params>
          <reporter-output>
          </reporter-output>
        </test-method> <!-- runScenario -->
        <test-method is-config="true" signature="tearDownClass()[pri:0, instance:cucumber.TestNGRunner@27ce24aa]" started-at="2025-03-08T15:10:35 IST" name="tearDownClass" finished-at="2025-03-08T15:10:35 IST" duration-ms="100" status="PASS">
          <reporter-output>
          </reporter-output>
        </test-method> <!-- tearDownClass -->
      </class> <!-- cucumber.TestNGRunner -->
    </test> <!-- Surefire test -->
  </suite> <!-- Surefire suite -->
</testng-results>
