<?xml version="1.0" encoding="UTF-8"?>
<testng-results ignored="0" total="1" passed="1" failed="0" skipped="0">
  <reporter-output>
  </reporter-output>
  <suite started-at="2025-03-08T14:59:29 IST" name="Default suite" finished-at="2025-03-08T14:59:40 IST" duration-ms="10901">
    <groups>
      <group name="cucumber">
        <method signature="AbstractTestNGCucumberTests.runScenario(io.cucumber.testng.PickleWrapper,io.cucumber.testng.FeatureWrapper)[pri:0, instance:cucumber.TestNGRunner@7c9d8e2]" name="runScenario" class="io.cucumber.testng.AbstractTestNGCucumberTests"/>
      </group> <!-- cucumber -->
    </groups>
    <test started-at="2025-03-08T14:59:29 IST" name="Default test" finished-at="2025-03-08T14:59:40 IST" duration-ms="10901">
      <class name="cucumber.TestNGRunner">
        <test-method is-config="true" signature="setUpClass(org.testng.ITestContext)[pri:0, instance:cucumber.TestNGRunner@7c9d8e2]" started-at="2025-03-08T14:59:29 IST" name="setUpClass" finished-at="2025-03-08T14:59:30 IST" duration-ms="1157" status="PASS">
          <params>
            <param index="0">
              <value>
                <![CDATA[org.testng.TestRunner@74294c1a]]>
              </value>
            </param>
          </params>
          <reporter-output>
          </reporter-output>
        </test-method> <!-- setUpClass -->
        <test-method signature="runScenario(io.cucumber.testng.PickleWrapper,io.cucumber.testng.FeatureWrapper)[pri:0, instance:cucumber.TestNGRunner@7c9d8e2]" started-at="2025-03-08T14:59:30 IST" name="runScenario" description="Runs Cucumber Scenarios" data-provider="scenarios" finished-at="2025-03-08T14:59:40 IST" duration-ms="9594" status="PASS">
          <params>
            <param index="0">
              <value>
                <![CDATA["Postive Test for placing order"]]>
              </value>
            </param>
            <param index="1">
              <value>
                <![CDATA["Placing purchase order from Ecommerce website"]]>
              </value>
            </param>
          </params>
          <reporter-output>
          </reporter-output>
        </test-method> <!-- runScenario -->
        <test-method is-config="true" signature="tearDownClass()[pri:0, instance:cucumber.TestNGRunner@7c9d8e2]" started-at="2025-03-08T14:59:40 IST" name="tearDownClass" finished-at="2025-03-08T14:59:40 IST" duration-ms="55" status="PASS">
          <reporter-output>
          </reporter-output>
        </test-method> <!-- tearDownClass -->
      </class> <!-- cucumber.TestNGRunner -->
    </test> <!-- Default test -->
  </suite> <!-- Default suite -->
</testng-results>
